c:\d\users\documents\learning\c++\telemetry\telemetry\x64\debug\telemetry.pch
c:\d\users\documents\learning\c++\telemetry\telemetry\x64\debug\telemetry.pdb
c:\d\users\documents\learning\c++\telemetry\telemetry\x64\debug\telemetry.idb
c:\d\users\documents\learning\c++\telemetry\telemetry\x64\debug\stdafx.obj
c:\d\users\documents\learning\c++\telemetry\telemetry\x64\debug\vc141.pdb
c:\d\users\documents\learning\c++\telemetry\telemetry\x64\debug\vc141.idb
c:\d\users\documents\learning\c++\telemetry\telemetry\x64\debug\writetelemetry.obj
c:\d\users\documents\learning\c++\telemetry\telemetry\x64\debug\telemeterdata.obj
c:\d\users\documents\learning\c++\telemetry\telemetry\x64\debug\readtelemetry.obj
c:\d\users\documents\learning\c++\telemetry\telemetry\x64\debug\source.obj
c:\d\users\documents\learning\c++\telemetry\x64\debug\telemetry.lib
c:\d\users\documents\learning\c++\telemetry\x64\debug\telemetry.exe
c:\d\users\documents\learning\c++\telemetry\x64\debug\telemetry.ilk
c:\d\users\documents\learning\c++\telemetry\x64\debug\telemetry.pdb
c:\d\users\documents\learning\c++\telemetry\telemetry\x64\debug\telemetry.tlog\cl.command.1.tlog
c:\d\users\documents\learning\c++\telemetry\telemetry\x64\debug\telemetry.tlog\cl.read.1.tlog
c:\d\users\documents\learning\c++\telemetry\telemetry\x64\debug\telemetry.tlog\cl.write.1.tlog
c:\d\users\documents\learning\c++\telemetry\telemetry\x64\debug\telemetry.tlog\lib-link.read.1.tlog
c:\d\users\documents\learning\c++\telemetry\telemetry\x64\debug\telemetry.tlog\lib-link.write.1.tlog
c:\d\users\documents\learning\c++\telemetry\telemetry\x64\debug\telemetry.tlog\lib.command.1.tlog
c:\d\users\documents\learning\c++\telemetry\telemetry\x64\debug\telemetry.tlog\link.12020.delete.1.tlog
c:\d\users\documents\learning\c++\telemetry\telemetry\x64\debug\telemetry.tlog\link.14792.delete.1.tlog
c:\d\users\documents\learning\c++\telemetry\telemetry\x64\debug\telemetry.tlog\link.36460.delete.1.tlog
c:\d\users\documents\learning\c++\telemetry\telemetry\x64\debug\telemetry.tlog\link.39188.delete.1.tlog
c:\d\users\documents\learning\c++\telemetry\telemetry\x64\debug\telemetry.tlog\link.39288.delete.1.tlog
c:\d\users\documents\learning\c++\telemetry\telemetry\x64\debug\telemetry.tlog\link.39972.delete.1.tlog
c:\d\users\documents\learning\c++\telemetry\telemetry\x64\debug\telemetry.tlog\link.43976.delete.1.tlog
c:\d\users\documents\learning\c++\telemetry\telemetry\x64\debug\telemetry.tlog\link.command.1.tlog
c:\d\users\documents\learning\c++\telemetry\telemetry\x64\debug\telemetry.tlog\link.delete.1.tlog
c:\d\users\documents\learning\c++\telemetry\telemetry\x64\debug\telemetry.tlog\link.read.1.tlog
c:\d\users\documents\learning\c++\telemetry\telemetry\x64\debug\telemetry.tlog\link.write.1.tlog
c:\d\users\documents\learning\c++\telemetry\telemetry\x64\debug\telemetry.tlog\telemetry.write.1u.tlog
